#
# A fatal error has been detected by the Java Runtime Environment:
#
#  Internal Error (javaCalls.cpp:51), pid=5260, tid=0x0000000000002ec8
#  guarantee(thread->is_Java_thread()) failed: crucial check - the VM thread cannot and must not escape to Java code
#
# JRE version: Java(TM) SE Runtime Environment (8.0_281-b09) (build 1.8.0_281-b09)
# Java VM: Java HotSpot(TM) 64-Bit Server VM (25.281-b09 mixed mode windows-amd64 compressed oops)
# Failed to write core dump. Minidumps are not enabled by default on client versions of Windows
#
# If you would like to submit a bug report, please visit:
#   http://bugreport.java.com/bugreport/crash.jsp
#

---------------  T H R E A D  ---------------

Current thread (0x000001cdb0e49000):  GCTaskThread [stack: 0x0000009868600000,0x0000009868700000] [id=11976]

Stack: [0x0000009868600000,0x0000009868700000]
Native frames: (J=compiled Java code, j=interpreted, Vv=VM code, C=native code)
V  [jvm.dll+0x32e5b9]
V  [jvm.dll+0x275012]
V  [jvm.dll+0x275cbd]
V  [jvm.dll+0x26c677]
V  [jvm.dll+0x20a8ed]
V  [jvm.dll+0x20af37]
V  [jvm.dll+0x32e4d2]
V  [jvm.dll+0x20b561]
V  [jvm.dll+0x26d8c5]
V  [jvm.dll+0x26db0d]
V  [jvm.dll+0x26dc59]
V  [jvm.dll+0x10ad98]
V  [jvm.dll+0x1068fb]
V  [jvm.dll+0x10881b]
V  [jvm.dll+0x10902e]
V  [jvm.dll+0x10669a]
V  [jvm.dll+0x10582a]
V  [jvm.dll+0xcd14b]
V  [jvm.dll+0xcdbe3]
V  [jvm.dll+0x112634]
V  [jvm.dll+0x135930]
V  [jvm.dll+0x205679]
V  [jvm.dll+0x204f8b]
V  [jvm.dll+0x23ba5f]
V  [jvm.dll+0x3d61ca]
V  [jvm.dll+0x3c4919]
V  [jvm.dll+0x291cbc]
C  [ucrtbase.dll+0x210b2]
C  [KERNEL32.DLL+0x17c24]
C  [ntdll.dll+0x6d721]

JavaThread 0x000001cdcfbfd000 (nid = 12164) was being processed
Java frames: (J=compiled Java code, j=interpreted, Vv=VM code)
j  com.karim.test.resources.ProductResource.getAllProducts()Ljava/lang/String;+137
v  ~StubRoutines::call_stub
J 2246  sun.reflect.NativeMethodAccessorImpl.invoke0(Ljava/lang/reflect/Method;Ljava/lang/Object;[Ljava/lang/Object;)Ljava/lang/Object; (0 bytes) @ 0x000001cdb3020cbf [0x000001cdb3020c40+0x7f]
J 5532 C1 sun.reflect.NativeMethodAccessorImpl.invoke(Ljava/lang/Object;[Ljava/lang/Object;)Ljava/lang/Object; (104 bytes) @ 0x000001cdb3b2bfd4 [0x000001cdb3b2adc0+0x1214]
J 5531 C2 java.lang.reflect.Method.invoke(Ljava/lang/Object;[Ljava/lang/Object;)Ljava/lang/Object; (62 bytes) @ 0x000001cdb2d586bc [0x000001cdb2d58600+0xbc]
j  org.springframework.web.method.support.InvocableHandlerMethod.doInvoke([Ljava/lang/Object;)Ljava/lang/Object;+16
j  org.springframework.web.method.support.InvocableHandlerMethod.invokeForRequest(Lorg/springframework/web/context/request/NativeWebRequest;Lorg/springframework/web/method/support/ModelAndViewContainer;[Ljava/lang/Object;)Ljava/lang/Object;+56
j  org.springframework.web.servlet.mvc.method.annotation.ServletInvocableHandlerMethod.invokeAndHandle(Lorg/springframework/web/context/request/ServletWebRequest;Lorg/springframework/web/method/support/ModelAndViewContainer;[Ljava/lang/Object;)V+4
j  org.springframework.web.servlet.mvc.method.annotation.RequestMappingHandlerAdapter.invokeHandlerMethod(Ljavax/servlet/http/HttpServletRequest;Ljavax/servlet/http/HttpServletResponse;Lorg/springframework/web/method/HandlerMethod;)Lorg/springframework/web/servlet/ModelAndView;+244
j  org.springframework.web.servlet.mvc.method.annotation.RequestMappingHandlerAdapter.handleInternal(Ljavax/servlet/http/HttpServletRequest;Ljavax/servlet/http/HttpServletResponse;Lorg/springframework/web/method/HandlerMethod;)Lorg/springframework/web/servlet/ModelAndView;+81
j  org.springframework.web.servlet.mvc.method.AbstractHandlerMethodAdapter.handle(Ljavax/servlet/http/HttpServletRequest;Ljavax/servlet/http/HttpServletResponse;Ljava/lang/Object;)Lorg/springframework/web/servlet/ModelAndView;+7
j  org.springframework.web.servlet.DispatcherServlet.doDispatch(Ljavax/servlet/http/HttpServletRequest;Ljavax/servlet/http/HttpServletResponse;)V+257
j  org.springframework.web.servlet.DispatcherServlet.doService(Ljavax/servlet/http/HttpServletRequest;Ljavax/servlet/http/HttpServletResponse;)V+212
j  org.springframework.web.servlet.FrameworkServlet.processRequest(Ljavax/servlet/http/HttpServletRequest;Ljavax/servlet/http/HttpServletResponse;)V+71
j  org.springframework.web.servlet.FrameworkServlet.doGet(Ljavax/servlet/http/HttpServletRequest;Ljavax/servlet/http/HttpServletResponse;)V+3
j  javax.servlet.http.HttpServlet.service(Ljavax/servlet/http/HttpServletRequest;Ljavax/servlet/http/HttpServletResponse;)V+35
j  org.springframework.web.servlet.FrameworkServlet.service(Ljavax/servlet/http/HttpServletRequest;Ljavax/servlet/http/HttpServletResponse;)V+33
j  javax.servlet.http.HttpServlet.service(Ljavax/servlet/ServletRequest;Ljavax/servlet/ServletResponse;)V+36
j  org.apache.catalina.core.ApplicationFilterChain.internalDoFilter(Ljavax/servlet/ServletRequest;Ljavax/servlet/ServletResponse;)V+304
j  org.apache.catalina.core.ApplicationFilterChain.doFilter(Ljavax/servlet/ServletRequest;Ljavax/servlet/ServletResponse;)V+101
j  org.apache.tomcat.websocket.server.WsFilter.doFilter(Ljavax/servlet/ServletRequest;Ljavax/servlet/ServletResponse;Ljavax/servlet/FilterChain;)V+21
j  org.apache.catalina.core.ApplicationFilterChain.internalDoFilter(Ljavax/servlet/ServletRequest;Ljavax/servlet/ServletResponse;)V+135
j  org.apache.catalina.core.ApplicationFilterChain.doFilter(Ljavax/servlet/ServletRequest;Ljavax/servlet/ServletResponse;)V+101
j  com.karim.test.filters.AuthFilter.doFilter(Ljavax/servlet/ServletRequest;Ljavax/servlet/ServletResponse;Ljavax/servlet/FilterChain;)V+167
j  org.apache.catalina.core.ApplicationFilterChain.internalDoFilter(Ljavax/servlet/ServletRequest;Ljavax/servlet/ServletResponse;)V+135
j  org.apache.catalina.core.ApplicationFilterChain.doFilter(Ljavax/servlet/ServletRequest;Ljavax/servlet/ServletResponse;)V+101
j  org.springframework.web.filter.CorsFilter.doFilterInternal(Ljavax/servlet/http/HttpServletRequest;Ljavax/servlet/http/HttpServletResponse;Ljavax/servlet/FilterChain;)V+43
j  org.springframework.web.filter.OncePerRequestFilter.doFilter(Ljavax/servlet/ServletRequest;Ljavax/servlet/ServletResponse;Ljavax/servlet/FilterChain;)V+147
j  org.apache.catalina.core.ApplicationFilterChain.internalDoFilter(Ljavax/servlet/ServletRequest;Ljavax/servlet/ServletResponse;)V+135
j  org.apache.catalina.core.ApplicationFilterChain.doFilter(Ljavax/servlet/ServletRequest;Ljavax/servlet/ServletResponse;)V+101
j  org.springframework.web.filter.RequestContextFilter.doFilterInternal(Ljavax/servlet/http/HttpServletRequest;Ljavax/servlet/http/HttpServletResponse;Ljavax/servlet/FilterChain;)V+21
j  org.springframework.web.filter.OncePerRequestFilter.doFilter(Ljavax/servlet/ServletRequest;Ljavax/servlet/ServletResponse;Ljavax/servlet/FilterChain;)V+147
j  org.apache.catalina.core.ApplicationFilterChain.internalDoFilter(Ljavax/servlet/ServletRequest;Ljavax/servlet/ServletResponse;)V+135
j  org.apache.catalina.core.ApplicationFilterChain.doFilter(Ljavax/servlet/ServletRequest;Ljavax/servlet/ServletResponse;)V+101
j  org.springframework.web.filter.FormContentFilter.doFilterInternal(Ljavax/servlet/http/HttpServletRequest;Ljavax/servlet/http/HttpServletResponse;Ljavax/servlet/FilterChain;)V+38
j  org.springframework.web.filter.OncePerRequestFilter.doFilter(Ljavax/servlet/ServletRequest;Ljavax/servlet/ServletResponse;Ljavax/servlet/FilterChain;)V+147
j  org.apache.catalina.core.ApplicationFilterChain.internalDoFilter(Ljavax/servlet/ServletRequest;Ljavax/servlet/ServletResponse;)V+135
j  org.apache.catalina.core.ApplicationFilterChain.doFilter(Ljavax/servlet/ServletRequest;Ljavax/servlet/ServletResponse;)V+101
j  org.springframework.web.filter.CharacterEncodingFilter.doFilterInternal(Ljavax/servlet/http/HttpServletRequest;Ljavax/servlet/http/HttpServletResponse;Ljavax/servlet/FilterChain;)V+53
j  org.springframework.web.filter.OncePerRequestFilter.doFilter(Ljavax/servlet/ServletRequest;Ljavax/servlet/ServletResponse;Ljavax/servlet/FilterChain;)V+147
j  org.apache.catalina.core.ApplicationFilterChain.internalDoFilter(Ljavax/servlet/ServletRequest;Ljavax/servlet/ServletResponse;)V+135
j  org.apache.catalina.core.ApplicationFilterChain.doFilter(Ljavax/servlet/ServletRequest;Ljavax/servlet/ServletResponse;)V+101
j  org.apache.catalina.core.StandardWrapperValve.invoke(Lorg/apache/catalina/connector/Request;Lorg/apache/catalina/connector/Response;)V+694
j  org.apache.catalina.core.StandardContextValve.invoke(Lorg/apache/catalina/connector/Request;Lorg/apache/catalina/connector/Response;)V+166
j  org.apache.catalina.authenticator.AuthenticatorBase.invoke(Lorg/apache/catalina/connector/Request;Lorg/apache/catalina/connector/Response;)V+260
j  org.apache.catalina.core.StandardHostValve.invoke(Lorg/apache/catalina/connector/Request;Lorg/apache/catalina/connector/Response;)V+114
j  org.apache.catalina.valves.ErrorReportValve.invoke(Lorg/apache/catalina/connector/Request;Lorg/apache/catalina/connector/Response;)V+6
j  org.apache.catalina.core.StandardEngineValve.invoke(Lorg/apache/catalina/connector/Request;Lorg/apache/catalina/connector/Response;)V+45
j  org.apache.catalina.connector.CoyoteAdapter.service(Lorg/apache/coyote/Request;Lorg/apache/coyote/Response;)V+199
j  org.apache.coyote.http11.Http11Processor.service(Lorg/apache/tomcat/util/net/SocketWrapperBase;)Lorg/apache/tomcat/util/net/AbstractEndpoint$Handler$SocketState;+735
j  org.apache.coyote.AbstractProcessorLight.process(Lorg/apache/tomcat/util/net/SocketWrapperBase;Lorg/apache/tomcat/util/net/SocketEvent;)Lorg/apache/tomcat/util/net/AbstractEndpoint$Handler$SocketState;+170
j  org.apache.coyote.AbstractProtocol$ConnectionHandler.process(Lorg/apache/tomcat/util/net/SocketWrapperBase;Lorg/apache/tomcat/util/net/SocketEvent;)Lorg/apache/tomcat/util/net/AbstractEndpoint$Handler$SocketState;+505
j  org.apache.tomcat.util.net.NioEndpoint$SocketProcessor.doRun()V+221
j  org.apache.tomcat.util.net.SocketProcessorBase.run()V+21
j  java.util.concurrent.ThreadPoolExecutor.runWorker(Ljava/util/concurrent/ThreadPoolExecutor$Worker;)V+95
j  java.util.concurrent.ThreadPoolExecutor$Worker.run()V+5
j  org.apache.tomcat.util.threads.TaskThread$WrappingRunnable.run()V+4
j  java.lang.Thread.run()V+11
v  ~StubRoutines::call_stub

---------------  P R O C E S S  ---------------

Java Threads: ( => current thread )
  0x000001cdd223f800 JavaThread "Thread-34" [_thread_blocked, id=2144, stack(0x0000009869900000,0x0000009869a00000)]
  0x000001cdd2240800 JavaThread "http-nio-8080-Acceptor" daemon [_thread_blocked, id=12084, stack(0x000000986ac00000,0x000000986ad00000)]
  0x000001cdcfbf7800 JavaThread "Catalina-utility-2" [_thread_blocked, id=11856, stack(0x0000009869800000,0x0000009869900000)]
  0x000001cdcfbf6000 JavaThread "Catalina-utility-1" [_thread_blocked, id=11624, stack(0x0000009868400000,0x0000009868500000)]
  0x000001cdcfbfd000 JavaThread "http-nio-8080-exec-2" daemon [_thread_blocked, id=12164, stack(0x000000986a100000,0x000000986a200000)]
  0x000001cdd2236800 JavaThread "DestroyJavaVM" [_thread_blocked, id=11592, stack(0x0000009868500000,0x0000009868600000)]
  0x000001cdcf9ec000 JavaThread "Live Reload Server" daemon [_thread_in_native, id=1200, stack(0x0000009869f00000,0x000000986a000000)]
  0x000001cdcd23e000 JavaThread "mysql-cj-abandoned-connection-cleanup" daemon [_thread_blocked, id=7340, stack(0x0000009869c00000,0x0000009869d00000)]
  0x000001cdcac48800 JavaThread "Service Thread" daemon [_thread_blocked, id=6340, stack(0x0000009869500000,0x0000009869600000)]
  0x000001cdcabcb000 JavaThread "C1 CompilerThread2" daemon [_thread_blocked, id=6632, stack(0x0000009869400000,0x0000009869500000)]
  0x000001cdcabc9000 JavaThread "C2 CompilerThread1" daemon [_thread_blocked, id=9860, stack(0x0000009869300000,0x0000009869400000)]
  0x000001cdcabc8800 JavaThread "C2 CompilerThread0" daemon [_thread_blocked, id=2244, stack(0x0000009869200000,0x0000009869300000)]
  0x000001cdc9af7000 JavaThread "JDWP Command Reader" daemon [_thread_in_native, id=7980, stack(0x0000009869100000,0x0000009869200000)]
  0x000001cdc9af2000 JavaThread "JDWP Event Helper Thread" daemon [_thread_blocked, id=12144, stack(0x0000009869000000,0x0000009869100000)]
  0x000001cdc9aec800 JavaThread "JDWP Transport Listener: dt_socket" daemon [_thread_blocked, id=840, stack(0x0000009868f00000,0x0000009869000000)]
  0x000001cdc9ad0000 JavaThread "Attach Listener" daemon [_thread_blocked, id=3964, stack(0x0000009868e00000,0x0000009868f00000)]
  0x000001cdc9acf800 JavaThread "Signal Dispatcher" daemon [_thread_blocked, id=11656, stack(0x0000009868d00000,0x0000009868e00000)]
  0x000001cdc9aaf800 JavaThread "Finalizer" daemon [_thread_blocked, id=9360, stack(0x0000009868c00000,0x0000009868d00000)]
  0x000001cdc9a88000 JavaThread "Reference Handler" daemon [_thread_blocked, id=9088, stack(0x0000009868b00000,0x0000009868c00000)]

Other Threads:
  0x000001cdc9a83000 VMThread [stack: 0x0000009868a00000,0x0000009868b00000] [id=8044]
  0x000001cdcabd7800 WatcherThread [stack: 0x0000009869600000,0x0000009869700000] [id=6344]

=>0x000001cdb0e49000 (exited) GCTaskThread [stack: 0x0000009868600000,0x0000009868700000] [id=11976]

VM state:at safepoint (normal execution)

VM Mutex/Monitor currently owned by a thread:  ([mutex/lock_event])
[0x000001cdb0e32660] Threads_lock - owner thread: 0x000001cdc9a83000
[0x000001cdb0e32a60] Heap_lock - owner thread: 0x000001cdd223f800

heap address: 0x0000000701600000, size: 3050 MB, Compressed Oops mode: Zero based, Oop shift amount: 3
Narrow klass base: 0x0000000000000000, Narrow klass shift: 3
Compressed class space size: 1073741824 Address: 0x00000007c0000000

Heap:
 PSYoungGen      total 132608K, used 68605K [0x0000000780780000, 0x0000000789300000, 0x00000007c0000000)
  eden space 122368K, 56% used [0x0000000780780000,0x0000000784a7f6b0,0x0000000787f00000)
  from space 10240K, 0% used [0x0000000788900000,0x0000000788900000,0x0000000789300000)
  to   space 10240K, 19% used [0x0000000787f00000,0x00000007880f0000,0x0000000788900000)
 ParOldGen       total 110592K, used 14953K [0x0000000701600000, 0x0000000708200000, 0x0000000780780000)
  object space 110592K, 13% used [0x0000000701600000,0x000000070249a4d8,0x0000000708200000)
 Metaspace       used 40058K, capacity 42694K, committed 42968K, reserved 1087488K
  class space    used 4975K, capacity 5537K, committed 5592K, reserved 1048576K

Card table byte_map: [0x000001cdc1b10000,0x000001cdc2110000] byte_map_base: 0x000001cdbe305000

Marking Bits: (ParMarkBitMap*) 0x0000000053326ff0
 Begin Bits: [0x000001cdc2510000, 0x000001cdc54b8000)
 End Bits:   [0x000001cdc54b8000, 0x000001cdc8460000)

Polling page: 0x000001cdb0dc0000

CodeCache: size=245760Kb used=23317Kb max_used=23413Kb free=222442Kb
 bounds [0x000001cdb2750000, 0x000001cdb3e50000, 0x000001cdc1750000]
 total_blobs=5698 nmethods=5249 adapters=369
 compilation: enabled

Compilation events (10 events):
Event: 799.189 Thread 0x000001cdcabcb000 nmethod 6207 0x000001cdb2c263d0 code [0x000001cdb2c26540, 0x000001cdb2c26810]
Event: 799.189 Thread 0x000001cdcabc8800 nmethod 6209 0x000001cdb2c26110 code [0x000001cdb2c26240, 0x000001cdb2c262f8]
Event: 799.189 Thread 0x000001cdcabcb000 6208       3       java.net.NetworkInterface::getInetAddresses (9 bytes)
Event: 799.190 Thread 0x000001cdcabcb000 nmethod 6208 0x000001cdb2b47a10 code [0x000001cdb2b47b80, 0x000001cdb2b47d70]
Event: 799.192 Thread 0x000001cdcabcb000 6210       3       org.apache.tomcat.util.collections.ManagedConcurrentWeakHashMap$Key::equals (61 bytes)
Event: 799.192 Thread 0x000001cdcabcb000 nmethod 6210 0x000001cdb33af410 code [0x000001cdb33af5c0, 0x000001cdb33afce0]
Event: 799.195 Thread 0x000001cdcabcb000 6211       3       org.apache.tomcat.util.compat.JreCompat::isGraalAvailable (4 bytes)
Event: 799.196 Thread 0x000001cdcabcb000 nmethod 6211 0x000001cdb33af050 code [0x000001cdb33af1a0, 0x000001cdb33af2d8]
Event: 799.206 Thread 0x000001cdcabcb000 6212       3       org.apache.tomcat.util.modeler.NoDescriptorRegistry::unregisterComponent (1 bytes)
Event: 799.206 Thread 0x000001cdcabcb000 nmethod 6212 0x000001cdb2b64b10 code [0x000001cdb2b64c60, 0x000001cdb2b64db8]

GC Heap History (10 events):
Event: 635.925 GC heap after
Heap after GC invocations=20 (full 6):
 PSYoungGen      total 133120K, used 0K [0x0000000780780000, 0x0000000789400000, 0x00000007c0000000)
  eden space 122368K, 0% used [0x0000000780780000,0x0000000780780000,0x0000000787f00000)
  from space 10752K, 0% used [0x0000000788980000,0x0000000788980000,0x0000000789400000)
  to   space 10752K, 0% used [0x0000000787f00000,0x0000000787f00000,0x0000000788980000)
 ParOldGen       total 110592K, used 13421K [0x0000000701600000, 0x0000000708200000, 0x0000000780780000)
  object space 110592K, 12% used [0x0000000701600000,0x000000070231b7e0,0x0000000708200000)
 Metaspace       used 39088K, capacity 41562K, committed 41816K, reserved 1085440K
  class space    used 4899K, capacity 5389K, committed 5464K, reserved 1048576K
}
Event: 703.211 GC heap before
{Heap before GC invocations=21 (full 6):
 PSYoungGen      total 133120K, used 67219K [0x0000000780780000, 0x0000000789400000, 0x00000007c0000000)
  eden space 122368K, 54% used [0x0000000780780000,0x0000000784924ed8,0x0000000787f00000)
  from space 10752K, 0% used [0x0000000788980000,0x0000000788980000,0x0000000789400000)
  to   space 10752K, 0% used [0x0000000787f00000,0x0000000787f00000,0x0000000788980000)
 ParOldGen       total 110592K, used 13421K [0x0000000701600000, 0x0000000708200000, 0x0000000780780000)
  object space 110592K, 12% used [0x0000000701600000,0x000000070231b7e0,0x0000000708200000)
 Metaspace       used 39423K, capacity 41982K, committed 42072K, reserved 1085440K
  class space    used 4917K, capacity 5434K, committed 5464K, reserved 1048576K
Event: 703.218 GC heap after
Heap after GC invocations=21 (full 6):
 PSYoungGen      total 125440K, used 3021K [0x0000000780780000, 0x0000000789300000, 0x00000007c0000000)
  eden space 122368K, 0% used [0x0000000780780000,0x0000000780780000,0x0000000787f00000)
  from space 3072K, 98% used [0x0000000787f00000,0x00000007881f34a0,0x0000000788200000)
  to   space 10240K, 0% used [0x0000000788900000,0x0000000788900000,0x0000000789300000)
 ParOldGen       total 110592K, used 13429K [0x0000000701600000, 0x0000000708200000, 0x0000000780780000)
  object space 110592K, 12% used [0x0000000701600000,0x000000070231d7e0,0x0000000708200000)
 Metaspace       used 39423K, capacity 41982K, committed 42072K, reserved 1085440K
  class space    used 4917K, capacity 5434K, committed 5464K, reserved 1048576K
}
Event: 703.218 GC heap before
{Heap before GC invocations=22 (full 7):
 PSYoungGen      total 125440K, used 3021K [0x0000000780780000, 0x0000000789300000, 0x00000007c0000000)
  eden space 122368K, 0% used [0x0000000780780000,0x0000000780780000,0x0000000787f00000)
  from space 3072K, 98% used [0x0000000787f00000,0x00000007881f34a0,0x0000000788200000)
  to   space 10240K, 0% used [0x0000000788900000,0x0000000788900000,0x0000000789300000)
 ParOldGen       total 110592K, used 13429K [0x0000000701600000, 0x0000000708200000, 0x0000000780780000)
  object space 110592K, 12% used [0x0000000701600000,0x000000070231d7e0,0x0000000708200000)
 Metaspace       used 39423K, capacity 41982K, committed 42072K, reserved 1085440K
  class space    used 4917K, capacity 5434K, committed 5464K, reserved 1048576K
Event: 703.313 GC heap after
Heap after GC invocations=22 (full 7):
 PSYoungGen      total 125440K, used 0K [0x0000000780780000, 0x0000000789300000, 0x00000007c0000000)
  eden space 122368K, 0% used [0x0000000780780000,0x0000000780780000,0x0000000787f00000)
  from space 3072K, 0% used [0x0000000787f00000,0x0000000787f00000,0x0000000788200000)
  to   space 10240K, 0% used [0x0000000788900000,0x0000000788900000,0x0000000789300000)
 ParOldGen       total 110592K, used 13713K [0x0000000701600000, 0x0000000708200000, 0x0000000780780000)
  object space 110592K, 12% used [0x0000000701600000,0x0000000702364528,0x0000000708200000)
 Metaspace       used 39413K, capacity 41964K, committed 42072K, reserved 1085440K
  class space    used 4916K, capacity 5430K, committed 5464K, reserved 1048576K
}
Event: 729.434 GC heap before
{Heap before GC invocations=23 (full 7):
 PSYoungGen      total 125440K, used 63072K [0x0000000780780000, 0x0000000789300000, 0x00000007c0000000)
  eden space 122368K, 51% used [0x0000000780780000,0x0000000784518000,0x0000000787f00000)
  from space 3072K, 0% used [0x0000000787f00000,0x0000000787f00000,0x0000000788200000)
  to   space 10240K, 0% used [0x0000000788900000,0x0000000788900000,0x0000000789300000)
 ParOldGen       total 110592K, used 13713K [0x0000000701600000, 0x0000000708200000, 0x0000000780780000)
  object space 110592K, 12% used [0x0000000701600000,0x0000000702364528,0x0000000708200000)
 Metaspace       used 39669K, capacity 42334K, committed 42456K, reserved 1085440K
  class space    used 4941K, capacity 5490K, committed 5592K, reserved 1048576K
Event: 729.439 GC heap after
Heap after GC invocations=23 (full 7):
 PSYoungGen      total 132608K, used 2749K [0x0000000780780000, 0x0000000789300000, 0x00000007c0000000)
  eden space 122368K, 0% used [0x0000000780780000,0x0000000780780000,0x0000000787f00000)
  from space 10240K, 26% used [0x0000000788900000,0x0000000788baf470,0x0000000789300000)
  to   space 10240K, 0% used [0x0000000787f00000,0x0000000787f00000,0x0000000788900000)
 ParOldGen       total 110592K, used 13721K [0x0000000701600000, 0x0000000708200000, 0x0000000780780000)
  object space 110592K, 12% used [0x0000000701600000,0x0000000702366528,0x0000000708200000)
 Metaspace       used 39669K, capacity 42334K, committed 42456K, reserved 1085440K
  class space    used 4941K, capacity 5490K, committed 5592K, reserved 1048576K
}
Event: 729.439 GC heap before
{Heap before GC invocations=24 (full 8):
 PSYoungGen      total 132608K, used 2749K [0x0000000780780000, 0x0000000789300000, 0x00000007c0000000)
  eden space 122368K, 0% used [0x0000000780780000,0x0000000780780000,0x0000000787f00000)
  from space 10240K, 26% used [0x0000000788900000,0x0000000788baf470,0x0000000789300000)
  to   space 10240K, 0% used [0x0000000787f00000,0x0000000787f00000,0x0000000788900000)
 ParOldGen       total 110592K, used 13721K [0x0000000701600000, 0x0000000708200000, 0x0000000780780000)
  object space 110592K, 12% used [0x0000000701600000,0x0000000702366528,0x0000000708200000)
 Metaspace       used 39669K, capacity 42334K, committed 42456K, reserved 1085440K
  class space    used 4941K, capacity 5490K, committed 5592K, reserved 1048576K
Event: 729.589 GC heap after
Heap after GC invocations=24 (full 8):
 PSYoungGen      total 132608K, used 0K [0x0000000780780000, 0x0000000789300000, 0x00000007c0000000)
  eden space 122368K, 0% used [0x0000000780780000,0x0000000780780000,0x0000000787f00000)
  from space 10240K, 0% used [0x0000000788900000,0x0000000788900000,0x0000000789300000)
  to   space 10240K, 0% used [0x0000000787f00000,0x0000000787f00000,0x0000000788900000)
 ParOldGen       total 110592K, used 14945K [0x0000000701600000, 0x0000000708200000, 0x0000000780780000)
  object space 110592K, 13% used [0x0000000701600000,0x00000007024984d8,0x0000000708200000)
 Metaspace       used 39661K, capacity 42322K, committed 42456K, reserved 1085440K
  class space    used 4940K, capacity 5488K, committed 5592K, reserved 1048576K
}
Event: 799.206 GC heap before
{Heap before GC invocations=25 (full 8):
 PSYoungGen      total 132608K, used 68605K [0x0000000780780000, 0x0000000789300000, 0x00000007c0000000)
  eden space 122368K, 56% used [0x0000000780780000,0x0000000784a7f5b8,0x0000000787f00000)
  from space 10240K, 0% used [0x0000000788900000,0x0000000788900000,0x0000000789300000)
  to   space 10240K, 0% used [0x0000000787f00000,0x0000000787f00000,0x0000000788900000)
 ParOldGen       total 110592K, used 14945K [0x0000000701600000, 0x0000000708200000, 0x0000000780780000)
  object space 110592K, 13% used [0x0000000701600000,0x00000007024984d8,0x0000000708200000)
 Metaspace       used 40058K, capacity 42694K, committed 42968K, reserved 1087488K
  class space    used 4975K, capacity 5537K, committed 5592K, reserved 1048576K

Deoptimization events (10 events):
Event: 798.957 Thread 0x000001cdcfbfb800 Uncommon trap: reason=unhandled action=none pc=0x000001cdb2ee15d0 method=java.net.URLClassLoader.findClass(Ljava/lang/String;)Ljava/lang/Class; @ 44
Event: 798.957 Thread 0x000001cdcfbfb800 Uncommon trap: reason=unhandled action=none pc=0x000001cdb3a46a20 method=java.net.URLClassLoader.findClass(Ljava/lang/String;)Ljava/lang/Class; @ 44
Event: 798.957 Thread 0x000001cdcfbfb800 Uncommon trap: reason=unhandled action=none pc=0x000001cdb2ee15d0 method=java.net.URLClassLoader.findClass(Ljava/lang/String;)Ljava/lang/Class; @ 44
Event: 798.957 Thread 0x000001cdcfbfb800 Uncommon trap: reason=unhandled action=none pc=0x000001cdb3a46a20 method=java.net.URLClassLoader.findClass(Ljava/lang/String;)Ljava/lang/Class; @ 44
Event: 799.195 Thread 0x000001cdd223f800 Uncommon trap: reason=unhandled action=none pc=0x000001cdb3d894bc method=java.net.URLClassLoader.findClass(Ljava/lang/String;)Ljava/lang/Class; @ 44
Event: 799.195 Thread 0x000001cdd223f800 Uncommon trap: reason=unhandled action=none pc=0x000001cdb3d894bc method=java.net.URLClassLoader.findClass(Ljava/lang/String;)Ljava/lang/Class; @ 44
Event: 799.195 Thread 0x000001cdd223f800 Uncommon trap: reason=unhandled action=none pc=0x000001cdb3d894bc method=java.net.URLClassLoader.findClass(Ljava/lang/String;)Ljava/lang/Class; @ 44
Event: 799.196 Thread 0x000001cdd223f800 Uncommon trap: reason=unhandled action=none pc=0x000001cdb3d894bc method=java.net.URLClassLoader.findClass(Ljava/lang/String;)Ljava/lang/Class; @ 44
Event: 799.196 Thread 0x000001cdd223f800 Uncommon trap: reason=unhandled action=none pc=0x000001cdb3d894bc method=java.net.URLClassLoader.findClass(Ljava/lang/String;)Ljava/lang/Class; @ 44
Event: 799.196 Thread 0x000001cdd223f800 Uncommon trap: reason=unhandled action=none pc=0x000001cdb3d894bc method=java.net.URLClassLoader.findClass(Ljava/lang/String;)Ljava/lang/Class; @ 44

Classes redefined (10 events):
Event: 727.764 Thread 0x000001cdc9a83000 redefined class name=com.karim.test.resources.ProductResource, count=3
Event: 727.787 Thread 0x000001cdc9a83000 redefined class name=com.karim.test.resources.ProductResource, count=4
Event: 727.810 Thread 0x000001cdc9a83000 redefined class name=com.karim.test.resources.ProductResource, count=5
Event: 797.825 Thread 0x000001cdc9a83000 redefined class name=com.karim.test.resources.ProductResource, count=1
Event: 797.857 Thread 0x000001cdc9a83000 redefined class name=com.karim.test.resources.ProductResource, count=4
Event: 797.885 Thread 0x000001cdc9a83000 redefined class name=com.karim.test.resources.ProductResource, count=6
Event: 797.911 Thread 0x000001cdc9a83000 redefined class name=com.karim.test.resources.ProductResource, count=7
Event: 797.942 Thread 0x000001cdc9a83000 redefined class name=com.karim.test.resources.ProductResource, count=3
Event: 797.976 Thread 0x000001cdc9a83000 redefined class name=com.karim.test.resources.ProductResource, count=2
Event: 798.010 Thread 0x000001cdc9a83000 redefined class name=com.karim.test.resources.ProductResource, count=5

Internal exceptions (10 events):
Event: 730.717 Thread 0x000001cdcfbfa000 Exception <a 'java/lang/ArrayIndexOutOfBoundsException': 475> (0x00000007836656f0) thrown at [C:\jenkins\workspace\8-2-build-windows-amd64-cygwin\jdk8u281\880\hotspot\src\share\vm\interpreter\interpreterRuntime.cpp, line 371]
Event: 730.853 Thread 0x000001cdcfbfa000 Exception <a 'java/lang/ArrayIndexOutOfBoundsException': 130> (0x0000000783781e78) thrown at [C:\jenkins\workspace\8-2-build-windows-amd64-cygwin\jdk8u281\880\hotspot\src\share\vm\interpreter\interpreterRuntime.cpp, line 371]
Event: 730.853 Thread 0x000001cdcfbfa000 Exception <a 'java/lang/ArrayIndexOutOfBoundsException': 88> (0x00000007837850c8) thrown at [C:\jenkins\workspace\8-2-build-windows-amd64-cygwin\jdk8u281\880\hotspot\src\share\vm\interpreter\interpreterRuntime.cpp, line 371]
Event: 730.854 Thread 0x000001cdcfbfa000 Exception <a 'java/lang/ArrayIndexOutOfBoundsException': 91> (0x000000078378a678) thrown at [C:\jenkins\workspace\8-2-build-windows-amd64-cygwin\jdk8u281\880\hotspot\src\share\vm\interpreter\interpreterRuntime.cpp, line 371]
Event: 730.854 Thread 0x000001cdcfbfa000 Exception <a 'java/lang/ArrayIndexOutOfBoundsException': 84> (0x000000078378d7d8) thrown at [C:\jenkins\workspace\8-2-build-windows-amd64-cygwin\jdk8u281\880\hotspot\src\share\vm\interpreter\interpreterRuntime.cpp, line 371]
Event: 730.854 Thread 0x000001cdcfbfa000 Exception <a 'java/lang/ArrayIndexOutOfBoundsException': 85> (0x0000000783790890) thrown at [C:\jenkins\workspace\8-2-build-windows-amd64-cygwin\jdk8u281\880\hotspot\src\share\vm\interpreter\interpreterRuntime.cpp, line 371]
Event: 730.855 Thread 0x000001cdcfbfa000 Exception <a 'java/lang/ArrayIndexOutOfBoundsException': 93> (0x00000007837964e8) thrown at [C:\jenkins\workspace\8-2-build-windows-amd64-cygwin\jdk8u281\880\hotspot\src\share\vm\interpreter\interpreterRuntime.cpp, line 371]
Event: 730.999 Thread 0x000001cdcfbfa000 Exception <a 'java/lang/ArrayIndexOutOfBoundsException': 123> (0x0000000783bbbe08) thrown at [C:\jenkins\workspace\8-2-build-windows-amd64-cygwin\jdk8u281\880\hotspot\src\share\vm\interpreter\interpreterRuntime.cpp, line 371]
Event: 737.160 Thread 0x000001cdd223c000 Implicit null exception at 0x000001cdb30ff00f to 0x000001cdb30ff1b5
Event: 799.205 Thread 0x000001cdcfbf7000 Exception <a 'java/lang/InterruptedException': sleep interrupted> (0x0000000784a32e48) thrown at [C:\jenkins\workspace\8-2-build-windows-amd64-cygwin\jdk8u281\880\hotspot\src\share\vm\prims\jvm.cpp, line 3346]

Events (10 events):
Event: 799.205 Executing VM operation: RevokeBias done
Event: 799.205 Executing VM operation: RevokeBias
Event: 799.205 Executing VM operation: RevokeBias done
Event: 799.205 Executing VM operation: RevokeBias
Event: 799.205 Executing VM operation: RevokeBias done
Event: 799.205 Thread 0x000001cdcfbf7000 Thread exited: 0x000001cdcfbf7000
Event: 799.205 Executing VM operation: RevokeBias
Event: 799.205 Executing VM operation: RevokeBias done
Event: 799.206 Thread 0x000001cdcabcb000 flushing nmethod 0x000001cdb2eff810
Event: 799.206 Executing VM operation: ParallelGCSystemGC


Dynamic libraries:
0x00007ff675930000 - 0x00007ff675977000 	C:\Program Files\Career folder\jre8\bin\javaw.exe
0x00007ffcc1980000 - 0x00007ffcc1b70000 	C:\Windows\SYSTEM32\ntdll.dll
0x00007ffcbfcc0000 - 0x00007ffcbfd72000 	C:\Windows\System32\KERNEL32.DLL
0x00007ffcbf430000 - 0x00007ffcbf6d5000 	C:\Windows\System32\KERNELBASE.dll
0x00007ffcc0070000 - 0x00007ffcc0113000 	C:\Windows\System32\ADVAPI32.dll
0x00007ffcbfb70000 - 0x00007ffcbfc0e000 	C:\Windows\System32\msvcrt.dll
0x00007ffcc1030000 - 0x00007ffcc10c7000 	C:\Windows\System32\sechost.dll
0x00007ffcc1820000 - 0x00007ffcc193f000 	C:\Windows\System32\RPCRT4.dll
0x00007ffcbfed0000 - 0x00007ffcc0064000 	C:\Windows\System32\USER32.dll
0x00007ffcbf400000 - 0x00007ffcbf421000 	C:\Windows\System32\win32u.dll
0x00007ffcc15b0000 - 0x00007ffcc15d6000 	C:\Windows\System32\GDI32.dll
0x00007ffcbe9a0000 - 0x00007ffcbeb38000 	C:\Windows\System32\gdi32full.dll
0x00007ffcbf6e0000 - 0x00007ffcbf77e000 	C:\Windows\System32\msvcp_win.dll
0x00007ffcbf780000 - 0x00007ffcbf87a000 	C:\Windows\System32\ucrtbase.dll
0x00007ffcb23d0000 - 0x00007ffcb2654000 	C:\Windows\WinSxS\amd64_microsoft.windows.common-controls_6595b64144ccf1df_6.0.18362.1440_none_9e7dbfb9e45e8e67\COMCTL32.dll
0x00007ffcc11a0000 - 0x00007ffcc14d6000 	C:\Windows\System32\combase.dll
0x00007ffcbebf0000 - 0x00007ffcbec71000 	C:\Windows\System32\bcryptPrimitives.dll
0x00007ffcc15e0000 - 0x00007ffcc160e000 	C:\Windows\System32\IMM32.DLL
0x00007ffcb5780000 - 0x00007ffcb5795000 	C:\Program Files\Career folder\jre8\bin\vcruntime140.dll
0x00007ffcb2330000 - 0x00007ffcb23cb000 	C:\Program Files\Career folder\jre8\bin\msvcp140.dll
0x0000000052b40000 - 0x000000005339f000 	C:\Program Files\Career folder\jre8\bin\server\jvm.dll
0x00007ffcbfae0000 - 0x00007ffcbfae8000 	C:\Windows\System32\PSAPI.DLL
0x00007ffcbc980000 - 0x00007ffcbc9a4000 	C:\Windows\SYSTEM32\WINMM.dll
0x00007ffcb55d0000 - 0x00007ffcb55d9000 	C:\Windows\SYSTEM32\WSOCK32.dll
0x00007ffcc0120000 - 0x00007ffcc018f000 	C:\Windows\System32\WS2_32.dll
0x00007ffcb9d70000 - 0x00007ffcb9d7a000 	C:\Windows\SYSTEM32\VERSION.dll
0x00007ffcbc7d0000 - 0x00007ffcbc7fd000 	C:\Windows\SYSTEM32\winmmbase.dll
0x00007ffcbeb40000 - 0x00007ffcbeb8a000 	C:\Windows\System32\cfgmgr32.dll
0x00007ffcbe840000 - 0x00007ffcbe851000 	C:\Windows\System32\kernel.appcore.dll
0x00007ffcb5770000 - 0x00007ffcb5780000 	C:\Program Files\Career folder\jre8\bin\verify.dll
0x00007ffcb5620000 - 0x00007ffcb564b000 	C:\Program Files\Career folder\jre8\bin\java.dll
0x00007ffcb4080000 - 0x00007ffcb40b6000 	C:\Program Files\Career folder\jre8\bin\jdwp.dll
0x00007ffcb5610000 - 0x00007ffcb5619000 	C:\Program Files\Career folder\jre8\bin\npt.dll
0x00007ffcb2760000 - 0x00007ffcb2790000 	C:\Program Files\Career folder\jre8\bin\instrument.dll
0x00007ffcb2740000 - 0x00007ffcb2758000 	C:\Program Files\Career folder\jre8\bin\zip.dll
0x00007ffcc0190000 - 0x00007ffcc0878000 	C:\Windows\System32\SHELL32.dll
0x00007ffcbfa30000 - 0x00007ffcbfad7000 	C:\Windows\System32\shcore.dll
0x00007ffcbec80000 - 0x00007ffcbf3fb000 	C:\Windows\System32\windows.storage.dll
0x00007ffcbe8d0000 - 0x00007ffcbe8ee000 	C:\Windows\System32\profapi.dll
0x00007ffcbe880000 - 0x00007ffcbe8ca000 	C:\Windows\System32\powrprof.dll
0x00007ffcbe830000 - 0x00007ffcbe840000 	C:\Windows\System32\UMPDC.dll
0x00007ffcc14e0000 - 0x00007ffcc1532000 	C:\Windows\System32\shlwapi.dll
0x00007ffcbf880000 - 0x00007ffcbf897000 	C:\Windows\System32\cryptsp.dll
0x00007ffcb22e0000 - 0x00007ffcb22ea000 	C:\Program Files\Career folder\jre8\bin\dt_socket.dll
0x00007ffca4c10000 - 0x00007ffca4c26000 	C:\Windows\system32\napinsp.dll
0x00007ffca4bf0000 - 0x00007ffca4c0a000 	C:\Windows\system32\pnrpnsp.dll
0x00007ffcb9c20000 - 0x00007ffcb9c35000 	C:\Windows\system32\wshbth.dll
0x00007ffcbb060000 - 0x00007ffcbb07c000 	C:\Windows\system32\NLAapi.dll
0x00007ffcbdd80000 - 0x00007ffcbddba000 	C:\Windows\SYSTEM32\IPHLPAPI.DLL
0x00007ffcbe070000 - 0x00007ffcbe0d7000 	C:\Windows\System32\mswsock.dll
0x00007ffcbddc0000 - 0x00007ffcbde8b000 	C:\Windows\SYSTEM32\DNSAPI.dll
0x00007ffcc0880000 - 0x00007ffcc0888000 	C:\Windows\System32\NSI.dll
0x00007ffca4be0000 - 0x00007ffca4bee000 	C:\Windows\System32\winrnr.dll
0x00007ffcb59e0000 - 0x00007ffcb5a57000 	C:\Windows\System32\fwpuclnt.dll
0x00007ffcbfa00000 - 0x00007ffcbfa26000 	C:\Windows\System32\bcrypt.dll
0x00007ffcb0fe0000 - 0x00007ffcb0fea000 	C:\Windows\System32\rasadhlp.dll
0x00007ffcb22d0000 - 0x00007ffcb22dd000 	C:\Program Files\Career folder\jre8\bin\management.dll
0x00007ffcacd60000 - 0x00007ffcacd7c000 	C:\Program Files\Career folder\jre8\bin\net.dll
0x00007ffcacd40000 - 0x00007ffcacd53000 	C:\Program Files\Career folder\jre8\bin\nio.dll
0x00007ffcbdbf0000 - 0x00007ffcbdc23000 	C:\Windows\system32\rsaenh.dll
0x00007ffcbe710000 - 0x00007ffcbe735000 	C:\Windows\SYSTEM32\USERENV.dll
0x00007ffcbe240000 - 0x00007ffcbe24c000 	C:\Windows\SYSTEM32\CRYPTBASE.dll
0x00007ffcb65c0000 - 0x00007ffcb65d6000 	C:\Windows\SYSTEM32\dhcpcsvc6.DLL
0x00007ffcb74d0000 - 0x00007ffcb74ec000 	C:\Windows\SYSTEM32\dhcpcsvc.DLL
0x00007ffca1f90000 - 0x00007ffca1fb4000 	C:\Program Files\Career folder\jre8\bin\sunec.dll
0x00007ffcad200000 - 0x00007ffcad3f4000 	C:\Windows\SYSTEM32\dbghelp.dll

VM Arguments:
jvm_args: -agentlib:jdwp=transport=dt_socket,suspend=y,address=localhost:61073 -javaagent:C:\Users\karim\Downloads\eclipse\configuration\org.eclipse.osgi\405\0\.cp\lib\javaagent-shaded.jar -Dfile.encoding=UTF-8 
java_command: com.karim.test.MainApplication
java_class_path (initial): D:\work\ojt\day 21\final\dans-final-test\expense-tracker-api-master\target\classes;C:\Users\karim\.m2\repository\io\jsonwebtoken\jjwt\0.9.1\jjwt-0.9.1.jar;C:\Users\karim\.m2\repository\com\fasterxml\jackson\core\jackson-databind\2.10.3\jackson-databind-2.10.3.jar;C:\Users\karim\.m2\repository\com\fasterxml\jackson\core\jackson-annotations\2.10.3\jackson-annotations-2.10.3.jar;C:\Users\karim\.m2\repository\com\fasterxml\jackson\core\jackson-core\2.10.3\jackson-core-2.10.3.jar;C:\Users\karim\.m2\repository\org\mindrot\jbcrypt\0.4\jbcrypt-0.4.jar;C:\Users\karim\.m2\repository\org\springframework\boot\spring-boot-starter-jdbc\2.2.6.RELEASE\spring-boot-starter-jdbc-2.2.6.RELEASE.jar;C:\Users\karim\.m2\repository\org\springframework\boot\spring-boot-starter\2.2.6.RELEASE\spring-boot-starter-2.2.6.RELEASE.jar;C:\Users\karim\.m2\repository\org\springframework\boot\spring-boot-starter-logging\2.2.6.RELEASE\spring-boot-starter-logging-2.2.6.RELEASE.jar;C:\Users\karim\.m2\repository\ch\qos\logback\logback-classic\1.2.3\logback-classic-1.2.3.jar;C:\Users\karim\.m2\repository\ch\qos\logback\logback-core\1.2.3\logback-core-1.2.3.jar;C:\Users\karim\.m2\repository\org\apache\logging\log4j\log4j-to-slf4j\2.12.1\log4j-to-slf4j-2.12.1.jar;C:\Users\karim\.m2\repository\org\apache\logging\log4j\log4j-api\2.12.1\log4j-api-2.12.1.jar;C:\Users\karim\.m2\repository\org\slf4j\jul-to-slf4j\1.7.30\jul-to-slf4j-1.7.30.jar;C:\Users\karim\.m2\repository\jakarta\annotation\jakarta.annotation-api\1.3.5\jakarta.annotation-api-1.3.5.jar;C:\Users\karim\.m2\repository\org\yaml\snakeyaml\1.25\snakeyaml-1.25.jar;C:\Users\karim\.m2\repository\com\zaxxer\HikariCP\3.4.2\HikariCP-3.4.2.jar;C:\Users\karim\.m2\repository\org\slf4j\slf4j-api\1.7.30\slf4j-api-1.7.30.jar;C:\Users\karim\.m2\repository\org\springframework\spring-jdbc\5.2.5.RELEASE\spring-jdbc-5.2.5.RELEASE.jar;C:\Users\karim\.m2\repository\org\springframework\spring-beans\5.2.5.RELEASE\spring-beans-5.2.5.RELEASE.jar;C:\
Launcher Type: SUN_STANDARD

Environment Variables:
PATH=C:/Users/karim/Downloads/eclipse//plugins/org.eclipse.justj.openjdk.hotspot.jre.full.win32.x86_64_15.0.1.v20201027-0507/jre/bin/server;C:/Users/karim/Downloads/eclipse//plugins/org.eclipse.justj.openjdk.hotspot.jre.full.win32.x86_64_15.0.1.v20201027-0507/jre/bin;C:\Program Files (x86)\Common Files\Oracle\Java\javapath;C:\Windows\system32;C:\Windows;C:\Windows\System32\Wbem;C:\Windows\System32\WindowsPowerShell\v1.0\;C:\Windows\System32\OpenSSH\;C:\Program Files\MySQL\MySQL Shell 8.0\bin\;C:\Users\karim\AppData\Local\Microsoft\WindowsApps;C:\Users\karim\AppData\Local\GitHubDesktop\bin;C:\Users\karim\Downloads\eclipse;
USERNAME=karim
OS=Windows_NT
PROCESSOR_IDENTIFIER=Intel64 Family 6 Model 61 Stepping 4, GenuineIntel



---------------  S Y S T E M  ---------------

OS: Windows 10.0 , 64 bit Build 18362 (10.0.18362.1350)

CPU:total 4 (initial active 4) (2 cores per cpu, 2 threads per core) family 6 model 61 stepping 4, cmov, cx8, fxsr, mmx, sse, sse2, sse3, ssse3, sse4.1, sse4.2, popcnt, avx, avx2, aes, clmul, erms, 3dnowpref, lzcnt, ht, tsc, tscinvbit, bmi1, bmi2, adx

Memory: 4k page, physical 12491204k(6549816k free), swap 14391748k(6125260k free)

vm_info: Java HotSpot(TM) 64-Bit Server VM (25.281-b09) for windows-amd64 JRE (1.8.0_281-b09), built on Dec  9 2020 13:54:07 by "" with MS VC++ 15.9 (VS2017)

time: Tue Mar 16 16:24:20 2021
timezone: SE Asia Standard Time
elapsed time: 799.247317 seconds (0d 0h 13m 19s)

